<?xml version="1.0" encoding="UTF-8"?>
<testsuite xmlns:xsi="http://www.w3.org/2001/XMLSchema-instance" xsi:noNamespaceSchemaLocation="https://maven.apache.org/surefire/maven-surefire-plugin/xsd/surefire-test-report.xsd" name="com.classiquesaucedemo.ProduitTest" time="13.086" tests="2" errors="0" skipped="0" failures="0">
  <properties>
[...]
</properties>
  <testcase name="VerifPrixHorsPanierEgalPrixDansPanier" classname="com.classiquesaucedemo.ProduitTest" time="6.598"/>
  <testcase name="Suppression_article_du_panier" classname="com.classiquesaucedemo.ProduitTest" time="6.487"/>
</testsuite>